Performing C SOURCE FILE Test CMAKE_HAVE_LIBC_PTHREAD failed with the following output:
Change Dir: /home/oleksandryemets/Documents/University/UnitTestsLab1/tests/build/CMakeFiles/CMakeScratch/TryCompile-abLIJE

Run Build Command(s):/usr/bin/make -f Makefile cmTC_764db/fast && /usr/bin/make  -f CMakeFiles/cmTC_764db.dir/build.make CMakeFiles/cmTC_764db.dir/build
make[1]: Entering directory '/home/oleksandryemets/Documents/University/UnitTestsLab1/tests/build/CMakeFiles/CMakeScratch/TryCompile-abLIJE'
Building C object CMakeFiles/cmTC_764db.dir/src.c.o
/usr/bin/cc -DCMAKE_HAVE_LIBC_PTHREAD   -o CMakeFiles/cmTC_764db.dir/src.c.o -c /home/oleksandryemets/Documents/University/UnitTestsLab1/tests/build/CMakeFiles/CMakeScratch/TryCompile-abLIJE/src.c
Linking C executable cmTC_764db
/usr/local/lib/python3.8/dist-packages/cmake/data/bin/cmake -E cmake_link_script CMakeFiles/cmTC_764db.dir/link.txt --verbose=1
/usr/bin/cc -rdynamic CMakeFiles/cmTC_764db.dir/src.c.o -o cmTC_764db 
/usr/bin/ld: CMakeFiles/cmTC_764db.dir/src.c.o: in function `main':
src.c:(.text+0x46): undefined reference to `pthread_create'
/usr/bin/ld: src.c:(.text+0x52): undefined reference to `pthread_detach'
/usr/bin/ld: src.c:(.text+0x5e): undefined reference to `pthread_cancel'
/usr/bin/ld: src.c:(.text+0x6f): undefined reference to `pthread_join'
collect2: error: ld returned 1 exit status
make[1]: *** [CMakeFiles/cmTC_764db.dir/build.make:99: cmTC_764db] Error 1
make[1]: Leaving directory '/home/oleksandryemets/Documents/University/UnitTestsLab1/tests/build/CMakeFiles/CMakeScratch/TryCompile-abLIJE'
make: *** [Makefile:127: cmTC_764db/fast] Error 2


Source file was:
#include <pthread.h>

static void* test_func(void* data)
{
  return data;
}

int main(void)
{
  pthread_t thread;
  pthread_create(&thread, NULL, test_func, NULL);
  pthread_detach(thread);
  pthread_cancel(thread);
  pthread_join(thread, NULL);
  pthread_atfork(NULL, NULL, NULL);
  pthread_exit(NULL);

  return 0;
}


Determining if the function pthread_create exists in the pthreads failed with the following output:
Change Dir: /home/oleksandryemets/Documents/University/UnitTestsLab1/tests/build/CMakeFiles/CMakeScratch/TryCompile-8NUtDC

Run Build Command(s):/usr/bin/make -f Makefile cmTC_d212c/fast && /usr/bin/make  -f CMakeFiles/cmTC_d212c.dir/build.make CMakeFiles/cmTC_d212c.dir/build
make[1]: Entering directory '/home/oleksandryemets/Documents/University/UnitTestsLab1/tests/build/CMakeFiles/CMakeScratch/TryCompile-8NUtDC'
Building C object CMakeFiles/cmTC_d212c.dir/CheckFunctionExists.c.o
/usr/bin/cc   -DCHECK_FUNCTION_EXISTS=pthread_create -o CMakeFiles/cmTC_d212c.dir/CheckFunctionExists.c.o -c /home/oleksandryemets/Documents/University/UnitTestsLab1/tests/build/CMakeFiles/CMakeScratch/TryCompile-8NUtDC/CheckFunctionExists.c
Linking C executable cmTC_d212c
/usr/local/lib/python3.8/dist-packages/cmake/data/bin/cmake -E cmake_link_script CMakeFiles/cmTC_d212c.dir/link.txt --verbose=1
/usr/bin/cc  -DCHECK_FUNCTION_EXISTS=pthread_create -rdynamic CMakeFiles/cmTC_d212c.dir/CheckFunctionExists.c.o -o cmTC_d212c  -lpthreads 
/usr/bin/ld: cannot find -lpthreads
collect2: error: ld returned 1 exit status
make[1]: *** [CMakeFiles/cmTC_d212c.dir/build.make:99: cmTC_d212c] Error 1
make[1]: Leaving directory '/home/oleksandryemets/Documents/University/UnitTestsLab1/tests/build/CMakeFiles/CMakeScratch/TryCompile-8NUtDC'
make: *** [Makefile:127: cmTC_d212c/fast] Error 2



